2020-07-21 06:34:19 [INFO] Starting minecraft server version 1.2.5
2020-07-21 06:34:19 [INFO] Loading properties
2020-07-21 06:34:19 [WARNING] server.properties does not exist
2020-07-21 06:34:19 [INFO] Generating new properties file
2020-07-21 06:34:19 [INFO] Starting Minecraft server on *:25565
2020-07-21 06:34:19 [WARNING] Failed to load ban list: java.io.FileNotFoundException: banned-players.txt (No such file or directory)
2020-07-21 06:34:19 [WARNING] Failed to load ip ban list: java.io.FileNotFoundException: banned-ips.txt (No such file or directory)
2020-07-21 06:34:19 [WARNING] Failed to load operators list: java.io.FileNotFoundException: ops.txt (No such file or directory)
2020-07-21 06:34:19 [WARNING] Failed to load white-list: java.io.FileNotFoundException: white-list.txt (No such file or directory)
2020-07-21 06:34:19 [INFO] Preparing level "world"
2020-07-21 06:34:19 [INFO] Default game type: 0
2020-07-21 06:34:19 [INFO] Preparing start region for level 0
2020-07-21 06:34:20 [INFO] Preparing spawn area: 8%
2020-07-21 06:34:21 [INFO] Preparing spawn area: 20%
2020-07-21 06:34:22 [INFO] Preparing spawn area: 32%
2020-07-21 06:34:23 [INFO] Preparing spawn area: 44%
2020-07-21 06:34:24 [INFO] Preparing spawn area: 60%
2020-07-21 06:34:25 [INFO] Preparing spawn area: 69%
2020-07-21 06:34:26 [INFO] Preparing spawn area: 85%
2020-07-21 06:34:27 [INFO] Preparing spawn area: 97%
2020-07-21 06:34:28 [INFO] Done (8,379s)! For help, type "help" or "?"
2020-07-21 06:34:31 [INFO] CONSOLE: Stopping the server..
2020-07-21 06:34:31 [INFO] Stopping server
2020-07-21 06:34:31 [INFO] Saving chunks
2020-07-21 06:34:41 [INFO] Saving chunks
2020-07-21 06:34:41 [INFO] Saving chunks
2020-07-21 06:41:58 [INFO] Starting minecraft server version 1.6.4
2020-07-21 06:41:58 [INFO] Loading properties
2020-07-21 06:41:58 [INFO] Default game type: SURVIVAL
2020-07-21 06:41:58 [INFO] Generating keypair
2020-07-21 06:41:58 [INFO] Starting Minecraft server on *:25565
2020-07-21 06:41:58 [INFO] Preparing level "world"
2020-07-21 06:41:58 [INFO] Preparing start region for level 0
2020-07-21 06:41:59 [INFO] Preparing spawn area: 9%
2020-07-21 06:42:00 [INFO] Preparing spawn area: 23%
2020-07-21 06:42:01 [INFO] Preparing spawn area: 33%
2020-07-21 06:42:02 [INFO] Preparing spawn area: 49%
2020-07-21 06:42:03 [INFO] Preparing spawn area: 68%
2020-07-21 06:42:04 [INFO] Preparing spawn area: 87%
2020-07-21 06:42:05 [INFO] Done (6,880s)! For help, type "help" or "?"
2020-07-21 06:42:07 [INFO] Stopping the server
2020-07-21 06:42:07 [INFO] Stopping server
2020-07-21 06:42:07 [INFO] Saving players
2020-07-21 06:42:07 [INFO] Saving worlds
2020-07-21 06:42:07 [INFO] Closing listening thread
2020-07-21 06:42:07 [INFO] Saving chunks for level 'world'/Overworld
2020-07-21 06:42:15 [INFO] Saving chunks for level 'world'/Nether
2020-07-21 06:42:15 [INFO] Saving chunks for level 'world'/The End
